[2016-05-04 01:17:12] production.ERROR: exception 'PDOException' with message 'SQLSTATE[28000] [1045] Access denied for user 'forge'@'localhost' (using password: NO)' in /var/www/html/cemcoErp/vendor/laravel/framework/src/Illuminate/Database/Connectors/Connector.php:47
Stack trace:
#0 /var/www/html/cemcoErp/vendor/laravel/framework/src/Illuminate/Database/Connectors/Connector.php(47): PDO->__construct('mysql:host=loca...', 'forge', '', Array)
#1 /var/www/html/cemcoErp/vendor/laravel/framework/src/Illuminate/Database/Connectors/MySqlConnector.php(20): Illuminate\Database\Connectors\Connector->createConnection('mysql:host=loca...', Array, Array)
#2 /var/www/html/cemcoErp/vendor/compiled.php(10992): Illuminate\Database\Connectors\MySqlConnector->connect(Array)
#3 /var/www/html/cemcoErp/vendor/compiled.php(10988): Illuminate\Database\Connectors\ConnectionFactory->createSingleConnection(Array)
#4 /var/www/html/cemcoErp/vendor/compiled.php(10904): Illuminate\Database\Connectors\ConnectionFactory->make(Array, 'mysql')
#5 /var/www/html/cemcoErp/vendor/compiled.php(10859): Illuminate\Database\DatabaseManager->makeConnection('mysql')
#6 /var/www/html/cemcoErp/vendor/compiled.php(10737): Illuminate\Database\DatabaseManager->connection(NULL)
#7 /var/www/html/cemcoErp/vendor/compiled.php(10724): Illuminate\Database\Eloquent\Model::resolveConnection(NULL)
#8 /var/www/html/cemcoErp/vendor/compiled.php(10213): Illuminate\Database\Eloquent\Model->getConnection()
#9 /var/www/html/cemcoErp/vendor/compiled.php(10190): Illuminate\Database\Eloquent\Model->newBaseQueryBuilder()
#10 /var/www/html/cemcoErp/vendor/compiled.php(10180): Illuminate\Database\Eloquent\Model->newQueryWithoutScopes()
#11 /var/www/html/cemcoErp/vendor/compiled.php(754): Illuminate\Database\Eloquent\Model->newQuery()
#12 /var/www/html/cemcoErp/vendor/compiled.php(545): Illuminate\Auth\EloquentUserProvider->retrieveByCredentials(Array)
#13 [internal function]: Illuminate\Auth\Guard->attempt(Array)
#14 /var/www/html/cemcoErp/vendor/compiled.php(11611): call_user_func_array(Array, Array)
#15 /var/www/html/cemcoErp/vendor/compiled.php(5484): Illuminate\Support\Manager->__call('attempt', Array)
#16 /var/www/html/cemcoErp/vendor/compiled.php(5484): Illuminate\Auth\AuthManager->attempt(Array)
#17 /var/www/html/cemcoErp/app/Http/Controllers/AuthController.php(39): Illuminate\Support\Facades\Facade::__callStatic('attempt', Array)
#18 /var/www/html/cemcoErp/app/Http/Controllers/AuthController.php(39): Illuminate\Support\Facades\Auth::attempt(Array)
#19 [internal function]: App\Http\Controllers\AuthController->store()
#20 /var/www/html/cemcoErp/vendor/compiled.php(8558): call_user_func_array(Array, Array)
#21 /var/www/html/cemcoErp/vendor/compiled.php(8626): Illuminate\Routing\Controller->callAction('store', Array)
#22 /var/www/html/cemcoErp/vendor/compiled.php(8605): Illuminate\Routing\ControllerDispatcher->call(Object(App\Http\Controllers\AuthController), Object(Illuminate\Routing\Route), 'store')
#23 [internal function]: Illuminate\Routing\ControllerDispatcher->Illuminate\Routing\{closure}(Object(Illuminate\Http\Request))
#24 /var/www/html/cemcoErp/vendor/compiled.php(9244): call_user_func(Object(Closure), Object(Illuminate\Http\Request))
#25 [internal function]: Illuminate\Pipeline\Pipeline->Illuminate\Pipeline\{closure}(Object(Illuminate\Http\Request))
#26 /var/www/html/cemcoErp/vendor/compiled.php(9227): call_user_func(Object(Closure), Object(Illuminate\Http\Request))
#27 /var/www/html/cemcoErp/vendor/compiled.php(8606): Illuminate\Pipeline\Pipeline->then(Object(Closure))
#28 /var/www/html/cemcoErp/vendor/compiled.php(8592): Illuminate\Routing\ControllerDispatcher->callWithinStack(Object(App\Http\Controllers\AuthController), Object(Illuminate\Routing\Route), Object(Illuminate\Http\Request), 'store')
#29 /var/www/html/cemcoErp/vendor/compiled.php(7583): Illuminate\Routing\ControllerDispatcher->dispatch(Object(Illuminate\Routing\Route), Object(Illuminate\Http\Request), 'App\Http\Contro...', 'store')
#30 /var/www/html/cemcoErp/vendor/compiled.php(7554): Illuminate\Routing\Route->runWithCustomDispatcher(Object(Illuminate\Http\Request))
#31 /var/www/html/cemcoErp/vendor/compiled.php(7219): Illuminate\Routing\Route->run(Object(Illuminate\Http\Request))
#32 [internal function]: Illuminate\Routing\Router->Illuminate\Routing\{closure}(Object(Illuminate\Http\Request))
#33 /var/www/html/cemcoErp/vendor/compiled.php(9244): call_user_func(Object(Closure), Object(Illuminate\Http\Request))
#34 [internal function]: Illuminate\Pipeline\Pipeline->Illuminate\Pipeline\{closure}(Object(Illuminate\Http\Request))
#35 /var/www/html/cemcoErp/vendor/compiled.php(9227): call_user_func(Object(Closure), Object(Illuminate\Http\Request))
#36 /var/www/html/cemcoErp/vendor/compiled.php(7220): Illuminate\Pipeline\Pipeline->then(Object(Closure))
#37 /var/www/html/cemcoErp/vendor/compiled.php(7209): Illuminate\Routing\Router->runRouteWithinStack(Object(Illuminate\Routing\Route), Object(Illuminate\Http\Request))
#38 /var/www/html/cemcoErp/vendor/compiled.php(7194): Illuminate\Routing\Router->dispatchToRoute(Object(Illuminate\Http\Request))
#39 /var/www/html/cemcoErp/vendor/compiled.php(2040): Illuminate\Routing\Router->dispatch(Object(Illuminate\Http\Request))
#40 [internal function]: Illuminate\Foundation\Http\Kernel->Illuminate\Foundation\Http\{closure}(Object(Illuminate\Http\Request))
#41 /var/www/html/cemcoErp/vendor/compiled.php(9244): call_user_func(Object(Closure), Object(Illuminate\Http\Request))
#42 /var/www/html/cemcoErp/vendor/compiled.php(2548): Illuminate\Pipeline\Pipeline->Illuminate\Pipeline\{closure}(Object(Illuminate\Http\Request))
#43 /var/www/html/cemcoErp/app/Http/Middleware/VerifyCsrfToken.php(17): Illuminate\Foundation\Http\Middleware\VerifyCsrfToken->handle(Object(Illuminate\Http\Request), Object(Closure))
#44 /var/www/html/cemcoErp/vendor/compiled.php(9236): App\Http\Middleware\VerifyCsrfToken->handle(Object(Illuminate\Http\Request), Object(Closure))
#45 /var/www/html/cemcoErp/vendor/compiled.php(12416): Illuminate\Pipeline\Pipeline->Illuminate\Pipeline\{closure}(Object(Illuminate\Http\Request))
#46 /var/www/html/cemcoErp/vendor/compiled.php(9236): Illuminate\View\Middleware\ShareErrorsFromSession->handle(Object(Illuminate\Http\Request), Object(Closure))
#47 /var/www/html/cemcoErp/vendor/compiled.php(11106): Illuminate\Pipeline\Pipeline->Illuminate\Pipeline\{closure}(Object(Illuminate\Http\Request))
#48 /var/www/html/cemcoErp/vendor/compiled.php(9236): Illuminate\Session\Middleware\StartSession->handle(Object(Illuminate\Http\Request), Object(Closure))
#49 /var/www/html/cemcoErp/vendor/compiled.php(12118): Illuminate\Pipeline\Pipeline->Illuminate\Pipeline\{closure}(Object(Illuminate\Http\Request))
#50 /var/www/html/cemcoErp/vendor/compiled.php(9236): Illuminate\Cookie\Middleware\AddQueuedCookiesToResponse->handle(Object(Illuminate\Http\Request), Object(Closure))
#51 /var/www/html/cemcoErp/vendor/compiled.php(12066): Illuminate\Pipeline\Pipeline->Illuminate\Pipeline\{closure}(Object(Illuminate\Http\Request))
#52 /var/www/html/cemcoErp/vendor/compiled.php(9236): Illuminate\Cookie\Middleware\EncryptCookies->handle(Object(Illuminate\Http\Request), Object(Closure))
#53 /var/www/html/cemcoErp/vendor/compiled.php(2589): Illuminate\Pipeline\Pipeline->Illuminate\Pipeline\{closure}(Object(Illuminate\Http\Request))
#54 /var/www/html/cemcoErp/vendor/compiled.php(9236): Illuminate\Foundation\Http\Middleware\CheckForMaintenanceMode->handle(Object(Illuminate\Http\Request), Object(Closure))
#55 [internal function]: Illuminate\Pipeline\Pipeline->Illuminate\Pipeline\{closure}(Object(Illuminate\Http\Request))
#56 /var/www/html/cemcoErp/vendor/compiled.php(9227): call_user_func(Object(Closure), Object(Illuminate\Http\Request))
#57 /var/www/html/cemcoErp/vendor/compiled.php(1996): Illuminate\Pipeline\Pipeline->then(Object(Closure))
#58 /var/www/html/cemcoErp/vendor/compiled.php(1983): Illuminate\Foundation\Http\Kernel->sendRequestThroughRouter(Object(Illuminate\Http\Request))
#59 /var/www/html/cemcoErp/public/index.php(53): Illuminate\Foundation\Http\Kernel->handle(Object(Illuminate\Http\Request))
#60 {main}  
